[10-Jul-2023 16:23:24 UTC] PHP Warning:  filemtime(): stat failed for /Users/nathalie/Sites/localhost/interazioniumane/wp-content/themes/interazioniumane/js/theme.min.js in /Users/nathalie/Sites/localhost/interazioniumane/wp-content/themes/interazioniumane/inc/enqueue.php on line 25
[10-Jul-2023 16:23:25 UTC] PHP Warning:  filemtime(): stat failed for /Users/nathalie/Sites/localhost/interazioniumane/wp-content/themes/interazioniumane/js/theme.min.js in /Users/nathalie/Sites/localhost/interazioniumane/wp-content/themes/interazioniumane/inc/enqueue.php on line 25
[10-Jul-2023 16:23:25 UTC] PHP Warning:  filemtime(): stat failed for /Users/nathalie/Sites/localhost/interazioniumane/wp-content/themes/interazioniumane/js/theme.min.js in /Users/nathalie/Sites/localhost/interazioniumane/wp-content/themes/interazioniumane/inc/enqueue.php on line 25
[10-Jul-2023 16:23:54 UTC] PHP Warning:  filemtime(): stat failed for /Users/nathalie/Sites/localhost/interazioniumane/wp-content/themes/interazioniumane/js/theme.min.js in /Users/nathalie/Sites/localhost/interazioniumane/wp-content/themes/interazioniumane/inc/enqueue.php on line 25
[10-Jul-2023 16:23:54 UTC] PHP Warning:  filemtime(): stat failed for /Users/nathalie/Sites/localhost/interazioniumane/wp-content/themes/interazioniumane/js/theme.min.js in /Users/nathalie/Sites/localhost/interazioniumane/wp-content/themes/interazioniumane/inc/enqueue.php on line 25
[10-Jul-2023 17:27:35 UTC] PHP Warning:  mysqli_real_connect(): (HY000/2002): No such file or directory in /Users/nathalie/Sites/localhost/interazioniumane/wp-includes/class-wpdb.php on line 2019
[11-Jul-2023 09:22:03 UTC] PHP Deprecated:  La funzione get_page_by_title è <strong>deprecata</strong> dalla versione 6.2.0! Utilizza al suo posto WP_Query. in /Users/nathalie/Sites/localhost/interazioniumane/wp-includes/functions.php on line 5413
[11-Jul-2023 09:23:05 UTC] PHP Deprecated:  La funzione get_page_by_title è <strong>deprecata</strong> dalla versione 6.2.0! Utilizza al suo posto WP_Query. in /Users/nathalie/Sites/localhost/interazioniumane/wp-includes/functions.php on line 5413
[11-Jul-2023 09:24:06 UTC] PHP Deprecated:  La funzione get_page_by_title è <strong>deprecata</strong> dalla versione 6.2.0! Utilizza al suo posto WP_Query. in /Users/nathalie/Sites/localhost/interazioniumane/wp-includes/functions.php on line 5413
[11-Jul-2023 09:26:07 UTC] PHP Deprecated:  La funzione get_page_by_title è <strong>deprecata</strong> dalla versione 6.2.0! Utilizza al suo posto WP_Query. in /Users/nathalie/Sites/localhost/interazioniumane/wp-includes/functions.php on line 5413
[11-Jul-2023 09:28:08 UTC] PHP Deprecated:  La funzione get_page_by_title è <strong>deprecata</strong> dalla versione 6.2.0! Utilizza al suo posto WP_Query. in /Users/nathalie/Sites/localhost/interazioniumane/wp-includes/functions.php on line 5413
[11-Jul-2023 09:30:09 UTC] PHP Deprecated:  La funzione get_page_by_title è <strong>deprecata</strong> dalla versione 6.2.0! Utilizza al suo posto WP_Query. in /Users/nathalie/Sites/localhost/interazioniumane/wp-includes/functions.php on line 5413
[11-Jul-2023 09:32:10 UTC] PHP Deprecated:  La funzione get_page_by_title è <strong>deprecata</strong> dalla versione 6.2.0! Utilizza al suo posto WP_Query. in /Users/nathalie/Sites/localhost/interazioniumane/wp-includes/functions.php on line 5413
[11-Jul-2023 11:38:09 UTC] PHP Deprecated:  La funzione get_page_by_title è <strong>deprecata</strong> dalla versione 6.2.0! Utilizza al suo posto WP_Query. in /Users/nathalie/Sites/localhost/interazioniumane/wp-includes/functions.php on line 5413
[11-Jul-2023 11:38:10 UTC] PHP Deprecated:  La funzione get_page_by_title è <strong>deprecata</strong> dalla versione 6.2.0! Utilizza al suo posto WP_Query. in /Users/nathalie/Sites/localhost/interazioniumane/wp-includes/functions.php on line 5413
[11-Jul-2023 11:38:14 UTC] PHP Deprecated:  La funzione get_page_by_title è <strong>deprecata</strong> dalla versione 6.2.0! Utilizza al suo posto WP_Query. in /Users/nathalie/Sites/localhost/interazioniumane/wp-includes/functions.php on line 5413
[11-Jul-2023 11:38:16 UTC] PHP Deprecated:  La funzione get_page_by_title è <strong>deprecata</strong> dalla versione 6.2.0! Utilizza al suo posto WP_Query. in /Users/nathalie/Sites/localhost/interazioniumane/wp-includes/functions.php on line 5413
[11-Jul-2023 11:38:32 UTC] PHP Deprecated:  La funzione get_page_by_title è <strong>deprecata</strong> dalla versione 6.2.0! Utilizza al suo posto WP_Query. in /Users/nathalie/Sites/localhost/interazioniumane/wp-includes/functions.php on line 5413
[11-Jul-2023 11:38:33 UTC] PHP Notice:  Trying to access array offset on value of type bool in /Users/nathalie/Sites/localhost/interazioniumane/wp-content/plugins/add-fields-to-checkout-page-woocommerce-premium/public/class-thwcfe-public-checkout.php on line 254
[11-Jul-2023 11:40:33 UTC] PHP Deprecated:  La funzione get_page_by_title è <strong>deprecata</strong> dalla versione 6.2.0! Utilizza al suo posto WP_Query. in /Users/nathalie/Sites/localhost/interazioniumane/wp-includes/functions.php on line 5413
[11-Jul-2023 11:42:34 UTC] PHP Deprecated:  La funzione get_page_by_title è <strong>deprecata</strong> dalla versione 6.2.0! Utilizza al suo posto WP_Query. in /Users/nathalie/Sites/localhost/interazioniumane/wp-includes/functions.php on line 5413
[11-Jul-2023 11:44:34 UTC] PHP Deprecated:  La funzione get_page_by_title è <strong>deprecata</strong> dalla versione 6.2.0! Utilizza al suo posto WP_Query. in /Users/nathalie/Sites/localhost/interazioniumane/wp-includes/functions.php on line 5413
[11-Jul-2023 11:46:35 UTC] PHP Deprecated:  La funzione get_page_by_title è <strong>deprecata</strong> dalla versione 6.2.0! Utilizza al suo posto WP_Query. in /Users/nathalie/Sites/localhost/interazioniumane/wp-includes/functions.php on line 5413
[11-Jul-2023 11:48:36 UTC] PHP Deprecated:  La funzione get_page_by_title è <strong>deprecata</strong> dalla versione 6.2.0! Utilizza al suo posto WP_Query. in /Users/nathalie/Sites/localhost/interazioniumane/wp-includes/functions.php on line 5413
[11-Jul-2023 11:50:37 UTC] PHP Deprecated:  La funzione get_page_by_title è <strong>deprecata</strong> dalla versione 6.2.0! Utilizza al suo posto WP_Query. in /Users/nathalie/Sites/localhost/interazioniumane/wp-includes/functions.php on line 5413
[11-Jul-2023 11:52:38 UTC] PHP Deprecated:  La funzione get_page_by_title è <strong>deprecata</strong> dalla versione 6.2.0! Utilizza al suo posto WP_Query. in /Users/nathalie/Sites/localhost/interazioniumane/wp-includes/functions.php on line 5413
[11-Jul-2023 11:54:39 UTC] PHP Deprecated:  La funzione get_page_by_title è <strong>deprecata</strong> dalla versione 6.2.0! Utilizza al suo posto WP_Query. in /Users/nathalie/Sites/localhost/interazioniumane/wp-includes/functions.php on line 5413
[11-Jul-2023 11:56:40 UTC] PHP Deprecated:  La funzione get_page_by_title è <strong>deprecata</strong> dalla versione 6.2.0! Utilizza al suo posto WP_Query. in /Users/nathalie/Sites/localhost/interazioniumane/wp-includes/functions.php on line 5413
[11-Jul-2023 11:58:41 UTC] PHP Deprecated:  La funzione get_page_by_title è <strong>deprecata</strong> dalla versione 6.2.0! Utilizza al suo posto WP_Query. in /Users/nathalie/Sites/localhost/interazioniumane/wp-includes/functions.php on line 5413
[11-Jul-2023 12:00:42 UTC] PHP Deprecated:  La funzione get_page_by_title è <strong>deprecata</strong> dalla versione 6.2.0! Utilizza al suo posto WP_Query. in /Users/nathalie/Sites/localhost/interazioniumane/wp-includes/functions.php on line 5413
[11-Jul-2023 12:02:43 UTC] PHP Deprecated:  La funzione get_page_by_title è <strong>deprecata</strong> dalla versione 6.2.0! Utilizza al suo posto WP_Query. in /Users/nathalie/Sites/localhost/interazioniumane/wp-includes/functions.php on line 5413
[11-Jul-2023 12:04:44 UTC] PHP Deprecated:  La funzione get_page_by_title è <strong>deprecata</strong> dalla versione 6.2.0! Utilizza al suo posto WP_Query. in /Users/nathalie/Sites/localhost/interazioniumane/wp-includes/functions.php on line 5413
[11-Jul-2023 12:06:45 UTC] PHP Deprecated:  La funzione get_page_by_title è <strong>deprecata</strong> dalla versione 6.2.0! Utilizza al suo posto WP_Query. in /Users/nathalie/Sites/localhost/interazioniumane/wp-includes/functions.php on line 5413
[11-Jul-2023 12:08:46 UTC] PHP Deprecated:  La funzione get_page_by_title è <strong>deprecata</strong> dalla versione 6.2.0! Utilizza al suo posto WP_Query. in /Users/nathalie/Sites/localhost/interazioniumane/wp-includes/functions.php on line 5413
[11-Jul-2023 12:10:47 UTC] PHP Deprecated:  La funzione get_page_by_title è <strong>deprecata</strong> dalla versione 6.2.0! Utilizza al suo posto WP_Query. in /Users/nathalie/Sites/localhost/interazioniumane/wp-includes/functions.php on line 5413
[11-Jul-2023 12:12:48 UTC] PHP Deprecated:  La funzione get_page_by_title è <strong>deprecata</strong> dalla versione 6.2.0! Utilizza al suo posto WP_Query. in /Users/nathalie/Sites/localhost/interazioniumane/wp-includes/functions.php on line 5413
[11-Jul-2023 12:14:49 UTC] PHP Deprecated:  La funzione get_page_by_title è <strong>deprecata</strong> dalla versione 6.2.0! Utilizza al suo posto WP_Query. in /Users/nathalie/Sites/localhost/interazioniumane/wp-includes/functions.php on line 5413
[11-Jul-2023 12:16:50 UTC] PHP Deprecated:  La funzione get_page_by_title è <strong>deprecata</strong> dalla versione 6.2.0! Utilizza al suo posto WP_Query. in /Users/nathalie/Sites/localhost/interazioniumane/wp-includes/functions.php on line 5413
[11-Jul-2023 12:18:51 UTC] PHP Deprecated:  La funzione get_page_by_title è <strong>deprecata</strong> dalla versione 6.2.0! Utilizza al suo posto WP_Query. in /Users/nathalie/Sites/localhost/interazioniumane/wp-includes/functions.php on line 5413
[11-Jul-2023 12:20:52 UTC] PHP Deprecated:  La funzione get_page_by_title è <strong>deprecata</strong> dalla versione 6.2.0! Utilizza al suo posto WP_Query. in /Users/nathalie/Sites/localhost/interazioniumane/wp-includes/functions.php on line 5413
[11-Jul-2023 12:22:53 UTC] PHP Deprecated:  La funzione get_page_by_title è <strong>deprecata</strong> dalla versione 6.2.0! Utilizza al suo posto WP_Query. in /Users/nathalie/Sites/localhost/interazioniumane/wp-includes/functions.php on line 5413
[11-Jul-2023 12:24:54 UTC] PHP Deprecated:  La funzione get_page_by_title è <strong>deprecata</strong> dalla versione 6.2.0! Utilizza al suo posto WP_Query. in /Users/nathalie/Sites/localhost/interazioniumane/wp-includes/functions.php on line 5413
[11-Jul-2023 12:26:55 UTC] PHP Deprecated:  La funzione get_page_by_title è <strong>deprecata</strong> dalla versione 6.2.0! Utilizza al suo posto WP_Query. in /Users/nathalie/Sites/localhost/interazioniumane/wp-includes/functions.php on line 5413
[11-Jul-2023 12:28:56 UTC] PHP Deprecated:  La funzione get_page_by_title è <strong>deprecata</strong> dalla versione 6.2.0! Utilizza al suo posto WP_Query. in /Users/nathalie/Sites/localhost/interazioniumane/wp-includes/functions.php on line 5413
[11-Jul-2023 12:30:57 UTC] PHP Deprecated:  La funzione get_page_by_title è <strong>deprecata</strong> dalla versione 6.2.0! Utilizza al suo posto WP_Query. in /Users/nathalie/Sites/localhost/interazioniumane/wp-includes/functions.php on line 5413
[11-Jul-2023 12:32:58 UTC] PHP Deprecated:  La funzione get_page_by_title è <strong>deprecata</strong> dalla versione 6.2.0! Utilizza al suo posto WP_Query. in /Users/nathalie/Sites/localhost/interazioniumane/wp-includes/functions.php on line 5413
[11-Jul-2023 12:34:59 UTC] PHP Deprecated:  La funzione get_page_by_title è <strong>deprecata</strong> dalla versione 6.2.0! Utilizza al suo posto WP_Query. in /Users/nathalie/Sites/localhost/interazioniumane/wp-includes/functions.php on line 5413
[11-Jul-2023 12:37:00 UTC] PHP Deprecated:  La funzione get_page_by_title è <strong>deprecata</strong> dalla versione 6.2.0! Utilizza al suo posto WP_Query. in /Users/nathalie/Sites/localhost/interazioniumane/wp-includes/functions.php on line 5413
[11-Jul-2023 12:39:01 UTC] PHP Deprecated:  La funzione get_page_by_title è <strong>deprecata</strong> dalla versione 6.2.0! Utilizza al suo posto WP_Query. in /Users/nathalie/Sites/localhost/interazioniumane/wp-includes/functions.php on line 5413
[11-Jul-2023 12:41:02 UTC] PHP Deprecated:  La funzione get_page_by_title è <strong>deprecata</strong> dalla versione 6.2.0! Utilizza al suo posto WP_Query. in /Users/nathalie/Sites/localhost/interazioniumane/wp-includes/functions.php on line 5413
[11-Jul-2023 12:43:03 UTC] PHP Deprecated:  La funzione get_page_by_title è <strong>deprecata</strong> dalla versione 6.2.0! Utilizza al suo posto WP_Query. in /Users/nathalie/Sites/localhost/interazioniumane/wp-includes/functions.php on line 5413
[11-Jul-2023 12:45:04 UTC] PHP Deprecated:  La funzione get_page_by_title è <strong>deprecata</strong> dalla versione 6.2.0! Utilizza al suo posto WP_Query. in /Users/nathalie/Sites/localhost/interazioniumane/wp-includes/functions.php on line 5413
[11-Jul-2023 12:47:05 UTC] PHP Deprecated:  La funzione get_page_by_title è <strong>deprecata</strong> dalla versione 6.2.0! Utilizza al suo posto WP_Query. in /Users/nathalie/Sites/localhost/interazioniumane/wp-includes/functions.php on line 5413
[13-Jul-2023 13:04:44 UTC] PHP Deprecated:  La funzione get_page_by_title è <strong>deprecata</strong> dalla versione 6.2.0! Utilizza al suo posto WP_Query. in /Users/nathalie/Sites/localhost/interazioniumane/wp-includes/functions.php on line 5413
[13-Jul-2023 13:04:44 UTC] PHP Deprecated:  La funzione get_page_by_title è <strong>deprecata</strong> dalla versione 6.2.0! Utilizza al suo posto WP_Query. in /Users/nathalie/Sites/localhost/interazioniumane/wp-includes/functions.php on line 5413
[13-Jul-2023 13:05:25 UTC] PHP Deprecated:  La funzione get_page_by_title è <strong>deprecata</strong> dalla versione 6.2.0! Utilizza al suo posto WP_Query. in /Users/nathalie/Sites/localhost/interazioniumane/wp-includes/functions.php on line 5413
[13-Jul-2023 13:05:26 UTC] PHP Deprecated:  La funzione get_page_by_title è <strong>deprecata</strong> dalla versione 6.2.0! Utilizza al suo posto WP_Query. in /Users/nathalie/Sites/localhost/interazioniumane/wp-includes/functions.php on line 5413
[13-Jul-2023 13:05:30 UTC] PHP Deprecated:  La funzione get_page_by_title è <strong>deprecata</strong> dalla versione 6.2.0! Utilizza al suo posto WP_Query. in /Users/nathalie/Sites/localhost/interazioniumane/wp-includes/functions.php on line 5413
[13-Jul-2023 13:05:30 UTC] PHP Deprecated:  La funzione get_page_by_title è <strong>deprecata</strong> dalla versione 6.2.0! Utilizza al suo posto WP_Query. in /Users/nathalie/Sites/localhost/interazioniumane/wp-includes/functions.php on line 5413
[13-Jul-2023 13:05:36 UTC] PHP Notice:  Undefined property: WP_Error::$slug in /Users/nathalie/Sites/localhost/interazioniumane/wp-content/themes/interazioniumane/woocommerce/content-single-product.php on line 524
[13-Jul-2023 13:05:36 UTC] PHP Notice:  Undefined property: WP_Error::$slug in /Users/nathalie/Sites/localhost/interazioniumane/wp-content/themes/interazioniumane/woocommerce/single-product.php on line 94
[13-Jul-2023 13:05:47 UTC] PHP Notice:  Trying to access array offset on value of type bool in /Users/nathalie/Sites/localhost/interazioniumane/wp-content/plugins/add-fields-to-checkout-page-woocommerce-premium/public/class-thwcfe-public-checkout.php on line 254
[13-Jul-2023 13:06:18 UTC] PHP Deprecated:  La funzione get_page_by_title è <strong>deprecata</strong> dalla versione 6.2.0! Utilizza al suo posto WP_Query. in /Users/nathalie/Sites/localhost/interazioniumane/wp-includes/functions.php on line 5413
[13-Jul-2023 13:06:27 UTC] PHP Deprecated:  La funzione get_page_by_title è <strong>deprecata</strong> dalla versione 6.2.0! Utilizza al suo posto WP_Query. in /Users/nathalie/Sites/localhost/interazioniumane/wp-includes/functions.php on line 5413
[13-Jul-2023 13:06:32 UTC] PHP Deprecated:  La funzione get_page_by_title è <strong>deprecata</strong> dalla versione 6.2.0! Utilizza al suo posto WP_Query. in /Users/nathalie/Sites/localhost/interazioniumane/wp-includes/functions.php on line 5413
[13-Jul-2023 13:06:33 UTC] PHP Deprecated:  La funzione get_page_by_title è <strong>deprecata</strong> dalla versione 6.2.0! Utilizza al suo posto WP_Query. in /Users/nathalie/Sites/localhost/interazioniumane/wp-includes/functions.php on line 5413
[13-Jul-2023 13:06:42 UTC] PHP Notice:  Trying to access array offset on value of type bool in /Users/nathalie/Sites/localhost/interazioniumane/wp-content/plugins/add-fields-to-checkout-page-woocommerce-premium/public/class-thwcfe-public-checkout.php on line 254
[13-Jul-2023 13:06:53 UTC] PHP Deprecated:  La funzione get_page_by_title è <strong>deprecata</strong> dalla versione 6.2.0! Utilizza al suo posto WP_Query. in /Users/nathalie/Sites/localhost/interazioniumane/wp-includes/functions.php on line 5413
[13-Jul-2023 13:06:55 UTC] PHP Deprecated:  La funzione get_page_by_title è <strong>deprecata</strong> dalla versione 6.2.0! Utilizza al suo posto WP_Query. in /Users/nathalie/Sites/localhost/interazioniumane/wp-includes/functions.php on line 5413
[13-Jul-2023 13:07:03 UTC] PHP Notice:  Undefined property: WP_Error::$slug in /Users/nathalie/Sites/localhost/interazioniumane/wp-content/themes/interazioniumane/woocommerce/content-single-product.php on line 524
[13-Jul-2023 13:07:03 UTC] PHP Notice:  Undefined property: WP_Error::$slug in /Users/nathalie/Sites/localhost/interazioniumane/wp-content/themes/interazioniumane/woocommerce/single-product.php on line 94
[13-Jul-2023 13:07:05 UTC] PHP Notice:  Trying to access array offset on value of type bool in /Users/nathalie/Sites/localhost/interazioniumane/wp-content/plugins/add-fields-to-checkout-page-woocommerce-premium/public/class-thwcfe-public-checkout.php on line 254
[13-Jul-2023 13:07:32 UTC] PHP Deprecated:  La funzione get_page_by_title è <strong>deprecata</strong> dalla versione 6.2.0! Utilizza al suo posto WP_Query. in /Users/nathalie/Sites/localhost/interazioniumane/wp-includes/functions.php on line 5413
[13-Jul-2023 13:07:42 UTC] PHP Notice:  Trying to access array offset on value of type bool in /Users/nathalie/Sites/localhost/interazioniumane/wp-content/plugins/add-fields-to-checkout-page-woocommerce-premium/public/class-thwcfe-public-checkout.php on line 254
[13-Jul-2023 13:07:58 UTC] PHP Notice:  Trying to access array offset on value of type bool in /Users/nathalie/Sites/localhost/interazioniumane/wp-content/plugins/add-fields-to-checkout-page-woocommerce-premium/public/class-thwcfe-public-checkout.php on line 254
[13-Jul-2023 13:08:36 UTC] PHP Deprecated:  La funzione get_page_by_title è <strong>deprecata</strong> dalla versione 6.2.0! Utilizza al suo posto WP_Query. in /Users/nathalie/Sites/localhost/interazioniumane/wp-includes/functions.php on line 5413
[13-Jul-2023 13:08:55 UTC] PHP Deprecated:  La funzione get_page_by_title è <strong>deprecata</strong> dalla versione 6.2.0! Utilizza al suo posto WP_Query. in /Users/nathalie/Sites/localhost/interazioniumane/wp-includes/functions.php on line 5413
[13-Jul-2023 13:08:59 UTC] PHP Deprecated:  La funzione get_page_by_title è <strong>deprecata</strong> dalla versione 6.2.0! Utilizza al suo posto WP_Query. in /Users/nathalie/Sites/localhost/interazioniumane/wp-includes/functions.php on line 5413
[13-Jul-2023 13:09:01 UTC] PHP Deprecated:  La funzione get_page_by_title è <strong>deprecata</strong> dalla versione 6.2.0! Utilizza al suo posto WP_Query. in /Users/nathalie/Sites/localhost/interazioniumane/wp-includes/functions.php on line 5413
[13-Jul-2023 13:09:02 UTC] PHP Deprecated:  La funzione get_page_by_title è <strong>deprecata</strong> dalla versione 6.2.0! Utilizza al suo posto WP_Query. in /Users/nathalie/Sites/localhost/interazioniumane/wp-includes/functions.php on line 5413
[13-Jul-2023 13:09:05 UTC] PHP Notice:  Trying to access array offset on value of type bool in /Users/nathalie/Sites/localhost/interazioniumane/wp-content/plugins/add-fields-to-checkout-page-woocommerce-premium/public/class-thwcfe-public-checkout.php on line 254
[13-Jul-2023 13:09:10 UTC] PHP Deprecated:  La funzione get_page_by_title è <strong>deprecata</strong> dalla versione 6.2.0! Utilizza al suo posto WP_Query. in /Users/nathalie/Sites/localhost/interazioniumane/wp-includes/functions.php on line 5413
[13-Jul-2023 13:09:21 UTC] PHP Deprecated:  La funzione get_page_by_title è <strong>deprecata</strong> dalla versione 6.2.0! Utilizza al suo posto WP_Query. in /Users/nathalie/Sites/localhost/interazioniumane/wp-includes/functions.php on line 5413
[13-Jul-2023 13:09:22 UTC] PHP Deprecated:  La funzione get_page_by_title è <strong>deprecata</strong> dalla versione 6.2.0! Utilizza al suo posto WP_Query. in /Users/nathalie/Sites/localhost/interazioniumane/wp-includes/functions.php on line 5413
[13-Jul-2023 13:09:24 UTC] PHP Deprecated:  La funzione get_page_by_title è <strong>deprecata</strong> dalla versione 6.2.0! Utilizza al suo posto WP_Query. in /Users/nathalie/Sites/localhost/interazioniumane/wp-includes/functions.php on line 5413
[13-Jul-2023 13:09:27 UTC] PHP Notice:  Trying to access array offset on value of type bool in /Users/nathalie/Sites/localhost/interazioniumane/wp-content/plugins/add-fields-to-checkout-page-woocommerce-premium/public/class-thwcfe-public-checkout.php on line 254
[13-Jul-2023 13:09:29 UTC] PHP Notice:  Trying to access array offset on value of type bool in /Users/nathalie/Sites/localhost/interazioniumane/wp-content/plugins/add-fields-to-checkout-page-woocommerce-premium/public/class-thwcfe-public-checkout.php on line 254
[13-Jul-2023 13:09:32 UTC] PHP Deprecated:  La funzione get_page_by_title è <strong>deprecata</strong> dalla versione 6.2.0! Utilizza al suo posto WP_Query. in /Users/nathalie/Sites/localhost/interazioniumane/wp-includes/functions.php on line 5413
[13-Jul-2023 13:10:27 UTC] PHP Deprecated:  La funzione get_page_by_title è <strong>deprecata</strong> dalla versione 6.2.0! Utilizza al suo posto WP_Query. in /Users/nathalie/Sites/localhost/interazioniumane/wp-includes/functions.php on line 5413
[13-Jul-2023 13:10:28 UTC] PHP Deprecated:  La funzione get_page_by_title è <strong>deprecata</strong> dalla versione 6.2.0! Utilizza al suo posto WP_Query. in /Users/nathalie/Sites/localhost/interazioniumane/wp-includes/functions.php on line 5413
[13-Jul-2023 13:11:41 UTC] PHP Notice:  Trying to access array offset on value of type bool in /Users/nathalie/Sites/localhost/interazioniumane/wp-content/plugins/add-fields-to-checkout-page-woocommerce-premium/public/class-thwcfe-public-checkout.php on line 254
[13-Jul-2023 13:11:42 UTC] PHP Notice:  Trying to access array offset on value of type bool in /Users/nathalie/Sites/localhost/interazioniumane/wp-content/plugins/add-fields-to-checkout-page-woocommerce-premium/public/class-thwcfe-public-checkout.php on line 254
[13-Jul-2023 13:12:28 UTC] PHP Deprecated:  La funzione get_page_by_title è <strong>deprecata</strong> dalla versione 6.2.0! Utilizza al suo posto WP_Query. in /Users/nathalie/Sites/localhost/interazioniumane/wp-includes/functions.php on line 5413
[13-Jul-2023 13:13:07 UTC] PHP Notice:  Trying to access array offset on value of type bool in /Users/nathalie/Sites/localhost/interazioniumane/wp-content/plugins/add-fields-to-checkout-page-woocommerce-premium/public/class-thwcfe-public-checkout.php on line 254
[13-Jul-2023 13:13:09 UTC] PHP Notice:  Trying to access array offset on value of type bool in /Users/nathalie/Sites/localhost/interazioniumane/wp-content/plugins/add-fields-to-checkout-page-woocommerce-premium/public/class-thwcfe-public-checkout.php on line 254
[13-Jul-2023 13:13:40 UTC] PHP Notice:  Trying to access array offset on value of type bool in /Users/nathalie/Sites/localhost/interazioniumane/wp-content/plugins/add-fields-to-checkout-page-woocommerce-premium/public/class-thwcfe-public-checkout.php on line 254
[13-Jul-2023 13:13:42 UTC] PHP Notice:  Trying to access array offset on value of type bool in /Users/nathalie/Sites/localhost/interazioniumane/wp-content/plugins/add-fields-to-checkout-page-woocommerce-premium/public/class-thwcfe-public-checkout.php on line 254
[13-Jul-2023 13:14:29 UTC] PHP Deprecated:  La funzione get_page_by_title è <strong>deprecata</strong> dalla versione 6.2.0! Utilizza al suo posto WP_Query. in /Users/nathalie/Sites/localhost/interazioniumane/wp-includes/functions.php on line 5413
[13-Jul-2023 13:14:46 UTC] PHP Notice:  Trying to access array offset on value of type bool in /Users/nathalie/Sites/localhost/interazioniumane/wp-content/plugins/add-fields-to-checkout-page-woocommerce-premium/public/class-thwcfe-public-checkout.php on line 254
[13-Jul-2023 13:14:48 UTC] PHP Notice:  Trying to access array offset on value of type bool in /Users/nathalie/Sites/localhost/interazioniumane/wp-content/plugins/add-fields-to-checkout-page-woocommerce-premium/public/class-thwcfe-public-checkout.php on line 254
[13-Jul-2023 13:15:41 UTC] PHP Notice:  Trying to access array offset on value of type bool in /Users/nathalie/Sites/localhost/interazioniumane/wp-content/plugins/add-fields-to-checkout-page-woocommerce-premium/public/class-thwcfe-public-checkout.php on line 254
[13-Jul-2023 13:15:43 UTC] PHP Notice:  Trying to access array offset on value of type bool in /Users/nathalie/Sites/localhost/interazioniumane/wp-content/plugins/add-fields-to-checkout-page-woocommerce-premium/public/class-thwcfe-public-checkout.php on line 254
[13-Jul-2023 13:16:08 UTC] PHP Notice:  Trying to access array offset on value of type bool in /Users/nathalie/Sites/localhost/interazioniumane/wp-content/plugins/add-fields-to-checkout-page-woocommerce-premium/public/class-thwcfe-public-checkout.php on line 254
[13-Jul-2023 13:16:10 UTC] PHP Notice:  Trying to access array offset on value of type bool in /Users/nathalie/Sites/localhost/interazioniumane/wp-content/plugins/add-fields-to-checkout-page-woocommerce-premium/public/class-thwcfe-public-checkout.php on line 254
[13-Jul-2023 13:16:30 UTC] PHP Deprecated:  La funzione get_page_by_title è <strong>deprecata</strong> dalla versione 6.2.0! Utilizza al suo posto WP_Query. in /Users/nathalie/Sites/localhost/interazioniumane/wp-includes/functions.php on line 5413
[13-Jul-2023 13:17:10 UTC] PHP Notice:  Trying to access array offset on value of type bool in /Users/nathalie/Sites/localhost/interazioniumane/wp-content/plugins/add-fields-to-checkout-page-woocommerce-premium/public/class-thwcfe-public-checkout.php on line 254
[13-Jul-2023 13:17:11 UTC] PHP Notice:  Trying to access array offset on value of type bool in /Users/nathalie/Sites/localhost/interazioniumane/wp-content/plugins/add-fields-to-checkout-page-woocommerce-premium/public/class-thwcfe-public-checkout.php on line 254
[13-Jul-2023 13:18:31 UTC] PHP Deprecated:  La funzione get_page_by_title è <strong>deprecata</strong> dalla versione 6.2.0! Utilizza al suo posto WP_Query. in /Users/nathalie/Sites/localhost/interazioniumane/wp-includes/functions.php on line 5413
[13-Jul-2023 13:18:35 UTC] PHP Notice:  Trying to access array offset on value of type bool in /Users/nathalie/Sites/localhost/interazioniumane/wp-content/plugins/add-fields-to-checkout-page-woocommerce-premium/public/class-thwcfe-public-checkout.php on line 254
[13-Jul-2023 13:18:37 UTC] PHP Notice:  Trying to access array offset on value of type bool in /Users/nathalie/Sites/localhost/interazioniumane/wp-content/plugins/add-fields-to-checkout-page-woocommerce-premium/public/class-thwcfe-public-checkout.php on line 254
[13-Jul-2023 13:19:32 UTC] PHP Notice:  Trying to access array offset on value of type bool in /Users/nathalie/Sites/localhost/interazioniumane/wp-content/plugins/add-fields-to-checkout-page-woocommerce-premium/public/class-thwcfe-public-checkout.php on line 254
[13-Jul-2023 13:19:34 UTC] PHP Notice:  Trying to access array offset on value of type bool in /Users/nathalie/Sites/localhost/interazioniumane/wp-content/plugins/add-fields-to-checkout-page-woocommerce-premium/public/class-thwcfe-public-checkout.php on line 254
[13-Jul-2023 13:20:32 UTC] PHP Deprecated:  La funzione get_page_by_title è <strong>deprecata</strong> dalla versione 6.2.0! Utilizza al suo posto WP_Query. in /Users/nathalie/Sites/localhost/interazioniumane/wp-includes/functions.php on line 5413
[13-Jul-2023 13:21:38 UTC] PHP Notice:  Trying to access array offset on value of type bool in /Users/nathalie/Sites/localhost/interazioniumane/wp-content/plugins/add-fields-to-checkout-page-woocommerce-premium/public/class-thwcfe-public-checkout.php on line 254
[13-Jul-2023 13:21:40 UTC] PHP Notice:  Trying to access array offset on value of type bool in /Users/nathalie/Sites/localhost/interazioniumane/wp-content/plugins/add-fields-to-checkout-page-woocommerce-premium/public/class-thwcfe-public-checkout.php on line 254
[13-Jul-2023 13:22:33 UTC] PHP Deprecated:  La funzione get_page_by_title è <strong>deprecata</strong> dalla versione 6.2.0! Utilizza al suo posto WP_Query. in /Users/nathalie/Sites/localhost/interazioniumane/wp-includes/functions.php on line 5413
[13-Jul-2023 13:24:34 UTC] PHP Deprecated:  La funzione get_page_by_title è <strong>deprecata</strong> dalla versione 6.2.0! Utilizza al suo posto WP_Query. in /Users/nathalie/Sites/localhost/interazioniumane/wp-includes/functions.php on line 5413
[13-Jul-2023 13:25:23 UTC] PHP Notice:  Trying to access array offset on value of type bool in /Users/nathalie/Sites/localhost/interazioniumane/wp-content/plugins/add-fields-to-checkout-page-woocommerce-premium/public/class-thwcfe-public-checkout.php on line 254
[13-Jul-2023 13:25:25 UTC] PHP Notice:  Trying to access array offset on value of type bool in /Users/nathalie/Sites/localhost/interazioniumane/wp-content/plugins/add-fields-to-checkout-page-woocommerce-premium/public/class-thwcfe-public-checkout.php on line 254
[13-Jul-2023 13:26:35 UTC] PHP Deprecated:  La funzione get_page_by_title è <strong>deprecata</strong> dalla versione 6.2.0! Utilizza al suo posto WP_Query. in /Users/nathalie/Sites/localhost/interazioniumane/wp-includes/functions.php on line 5413
[13-Jul-2023 13:28:33 UTC] PHP Deprecated:  La funzione get_page_by_title è <strong>deprecata</strong> dalla versione 6.2.0! Utilizza al suo posto WP_Query. in /Users/nathalie/Sites/localhost/interazioniumane/wp-includes/functions.php on line 5413
[13-Jul-2023 13:28:35 UTC] PHP Deprecated:  La funzione get_page_by_title è <strong>deprecata</strong> dalla versione 6.2.0! Utilizza al suo posto WP_Query. in /Users/nathalie/Sites/localhost/interazioniumane/wp-includes/functions.php on line 5413
[13-Jul-2023 13:28:36 UTC] PHP Deprecated:  La funzione get_page_by_title è <strong>deprecata</strong> dalla versione 6.2.0! Utilizza al suo posto WP_Query. in /Users/nathalie/Sites/localhost/interazioniumane/wp-includes/functions.php on line 5413
[13-Jul-2023 13:28:38 UTC] PHP Deprecated:  La funzione get_page_by_title è <strong>deprecata</strong> dalla versione 6.2.0! Utilizza al suo posto WP_Query. in /Users/nathalie/Sites/localhost/interazioniumane/wp-includes/functions.php on line 5413
[13-Jul-2023 13:28:55 UTC] PHP Deprecated:  La funzione get_page_by_title è <strong>deprecata</strong> dalla versione 6.2.0! Utilizza al suo posto WP_Query. in /Users/nathalie/Sites/localhost/interazioniumane/wp-includes/functions.php on line 5413
[13-Jul-2023 13:30:56 UTC] PHP Deprecated:  La funzione get_page_by_title è <strong>deprecata</strong> dalla versione 6.2.0! Utilizza al suo posto WP_Query. in /Users/nathalie/Sites/localhost/interazioniumane/wp-includes/functions.php on line 5413
[13-Jul-2023 13:32:57 UTC] PHP Deprecated:  La funzione get_page_by_title è <strong>deprecata</strong> dalla versione 6.2.0! Utilizza al suo posto WP_Query. in /Users/nathalie/Sites/localhost/interazioniumane/wp-includes/functions.php on line 5413
[13-Jul-2023 13:33:13 UTC] PHP Deprecated:  La funzione get_page_by_title è <strong>deprecata</strong> dalla versione 6.2.0! Utilizza al suo posto WP_Query. in /Users/nathalie/Sites/localhost/interazioniumane/wp-includes/functions.php on line 5413
[13-Jul-2023 13:33:14 UTC] PHP Deprecated:  La funzione get_page_by_title è <strong>deprecata</strong> dalla versione 6.2.0! Utilizza al suo posto WP_Query. in /Users/nathalie/Sites/localhost/interazioniumane/wp-includes/functions.php on line 5413
[13-Jul-2023 13:33:16 UTC] PHP Deprecated:  La funzione get_page_by_title è <strong>deprecata</strong> dalla versione 6.2.0! Utilizza al suo posto WP_Query. in /Users/nathalie/Sites/localhost/interazioniumane/wp-includes/functions.php on line 5413
[13-Jul-2023 13:33:16 UTC] PHP Deprecated:  La funzione get_page_by_title è <strong>deprecata</strong> dalla versione 6.2.0! Utilizza al suo posto WP_Query. in /Users/nathalie/Sites/localhost/interazioniumane/wp-includes/functions.php on line 5413
[13-Jul-2023 13:34:16 UTC] PHP Deprecated:  La funzione get_page_by_title è <strong>deprecata</strong> dalla versione 6.2.0! Utilizza al suo posto WP_Query. in /Users/nathalie/Sites/localhost/interazioniumane/wp-includes/functions.php on line 5413
[13-Jul-2023 13:35:16 UTC] PHP Deprecated:  La funzione get_page_by_title è <strong>deprecata</strong> dalla versione 6.2.0! Utilizza al suo posto WP_Query. in /Users/nathalie/Sites/localhost/interazioniumane/wp-includes/functions.php on line 5413
[13-Jul-2023 13:36:45 UTC] PHP Deprecated:  La funzione get_page_by_title è <strong>deprecata</strong> dalla versione 6.2.0! Utilizza al suo posto WP_Query. in /Users/nathalie/Sites/localhost/interazioniumane/wp-includes/functions.php on line 5413
[13-Jul-2023 13:36:50 UTC] PHP Deprecated:  La funzione get_page_by_title è <strong>deprecata</strong> dalla versione 6.2.0! Utilizza al suo posto WP_Query. in /Users/nathalie/Sites/localhost/interazioniumane/wp-includes/functions.php on line 5413
[13-Jul-2023 13:36:53 UTC] PHP Deprecated:  La funzione get_page_by_title è <strong>deprecata</strong> dalla versione 6.2.0! Utilizza al suo posto WP_Query. in /Users/nathalie/Sites/localhost/interazioniumane/wp-includes/functions.php on line 5413
[13-Jul-2023 13:37:07 UTC] PHP Deprecated:  La funzione get_page_by_title è <strong>deprecata</strong> dalla versione 6.2.0! Utilizza al suo posto WP_Query. in /Users/nathalie/Sites/localhost/interazioniumane/wp-includes/functions.php on line 5413
[13-Jul-2023 13:37:22 UTC] PHP Deprecated:  La funzione get_page_by_title è <strong>deprecata</strong> dalla versione 6.2.0! Utilizza al suo posto WP_Query. in /Users/nathalie/Sites/localhost/interazioniumane/wp-includes/functions.php on line 5413
[13-Jul-2023 13:37:37 UTC] PHP Deprecated:  La funzione get_page_by_title è <strong>deprecata</strong> dalla versione 6.2.0! Utilizza al suo posto WP_Query. in /Users/nathalie/Sites/localhost/interazioniumane/wp-includes/functions.php on line 5413
[13-Jul-2023 13:37:52 UTC] PHP Deprecated:  La funzione get_page_by_title è <strong>deprecata</strong> dalla versione 6.2.0! Utilizza al suo posto WP_Query. in /Users/nathalie/Sites/localhost/interazioniumane/wp-includes/functions.php on line 5413
[18-Jul-2023 07:15:25 UTC] PHP Notice:  Undefined property: WP_Error::$slug in /Users/nathalie/Sites/localhost/interazioniumane/wp-content/themes/interazioniumane/woocommerce/content-single-product.php on line 524
[18-Jul-2023 07:15:25 UTC] PHP Notice:  Undefined property: WP_Error::$slug in /Users/nathalie/Sites/localhost/interazioniumane/wp-content/themes/interazioniumane/woocommerce/single-product.php on line 94
[18-Jul-2023 07:15:27 UTC] PHP Notice:  Trying to access array offset on value of type bool in /Users/nathalie/Sites/localhost/interazioniumane/wp-content/plugins/add-fields-to-checkout-page-woocommerce-premium/public/class-thwcfe-public-checkout.php on line 254
[18-Jul-2023 07:15:29 UTC] PHP Notice:  Trying to access array offset on value of type bool in /Users/nathalie/Sites/localhost/interazioniumane/wp-content/plugins/add-fields-to-checkout-page-woocommerce-premium/public/class-thwcfe-public-checkout.php on line 254
[18-Jul-2023 07:15:32 UTC] PHP Deprecated:  La funzione get_page_by_title è <strong>deprecata</strong> dalla versione 6.2.0! Utilizza al suo posto WP_Query. in /Users/nathalie/Sites/localhost/interazioniumane/wp-includes/functions.php on line 5413
[18-Jul-2023 07:15:34 UTC] PHP Deprecated:  La funzione get_page_by_title è <strong>deprecata</strong> dalla versione 6.2.0! Utilizza al suo posto WP_Query. in /Users/nathalie/Sites/localhost/interazioniumane/wp-includes/functions.php on line 5413
[18-Jul-2023 07:18:06 UTC] PHP Notice:  Trying to access array offset on value of type bool in /Users/nathalie/Sites/localhost/interazioniumane/wp-content/plugins/add-fields-to-checkout-page-woocommerce-premium/public/class-thwcfe-public-checkout.php on line 254
[18-Jul-2023 07:18:08 UTC] PHP Notice:  Trying to access array offset on value of type bool in /Users/nathalie/Sites/localhost/interazioniumane/wp-content/plugins/add-fields-to-checkout-page-woocommerce-premium/public/class-thwcfe-public-checkout.php on line 254
[25-Jul-2023 08:25:32 UTC] PHP Warning:  mysqli_real_connect(): (HY000/2002): No such file or directory in /Users/nathalie/Sites/localhost/interazioniumane/wp-includes/class-wpdb.php on line 2019
[25-Jul-2023 08:25:35 UTC] PHP Warning:  mysqli_real_connect(): (HY000/2002): No such file or directory in /Users/nathalie/Sites/localhost/interazioniumane/wp-includes/class-wpdb.php on line 2019
[25-Jul-2023 08:25:48 UTC] PHP Deprecated:  La funzione get_page_by_title è <strong>deprecata</strong> dalla versione 6.2.0! Utilizza al suo posto WP_Query. in /Users/nathalie/Sites/localhost/interazioniumane/wp-includes/functions.php on line 5413
[25-Jul-2023 08:25:59 UTC] PHP Deprecated:  La funzione get_page_by_title è <strong>deprecata</strong> dalla versione 6.2.0! Utilizza al suo posto WP_Query. in /Users/nathalie/Sites/localhost/interazioniumane/wp-includes/functions.php on line 5413
[25-Jul-2023 08:26:00 UTC] PHP Deprecated:  La funzione get_page_by_title è <strong>deprecata</strong> dalla versione 6.2.0! Utilizza al suo posto WP_Query. in /Users/nathalie/Sites/localhost/interazioniumane/wp-includes/functions.php on line 5413
[25-Jul-2023 08:26:00 UTC] PHP Deprecated:  La funzione get_page_by_title è <strong>deprecata</strong> dalla versione 6.2.0! Utilizza al suo posto WP_Query. in /Users/nathalie/Sites/localhost/interazioniumane/wp-includes/functions.php on line 5413
[25-Jul-2023 08:26:00 UTC] PHP Deprecated:  La funzione get_page_by_title è <strong>deprecata</strong> dalla versione 6.2.0! Utilizza al suo posto WP_Query. in /Users/nathalie/Sites/localhost/interazioniumane/wp-includes/functions.php on line 5413
[25-Jul-2023 08:26:05 UTC] PHP Deprecated:  La funzione get_page_by_title è <strong>deprecata</strong> dalla versione 6.2.0! Utilizza al suo posto WP_Query. in /Users/nathalie/Sites/localhost/interazioniumane/wp-includes/functions.php on line 5413
[25-Jul-2023 08:26:07 UTC] PHP Deprecated:  La funzione get_page_by_title è <strong>deprecata</strong> dalla versione 6.2.0! Utilizza al suo posto WP_Query. in /Users/nathalie/Sites/localhost/interazioniumane/wp-includes/functions.php on line 5413
[25-Jul-2023 08:26:08 UTC] PHP Deprecated:  La funzione get_page_by_title è <strong>deprecata</strong> dalla versione 6.2.0! Utilizza al suo posto WP_Query. in /Users/nathalie/Sites/localhost/interazioniumane/wp-includes/functions.php on line 5413
[25-Jul-2023 08:26:09 UTC] PHP Deprecated:  La funzione get_page_by_title è <strong>deprecata</strong> dalla versione 6.2.0! Utilizza al suo posto WP_Query. in /Users/nathalie/Sites/localhost/interazioniumane/wp-includes/functions.php on line 5413
[25-Jul-2023 08:26:18 UTC] PHP Deprecated:  La funzione get_page_by_title è <strong>deprecata</strong> dalla versione 6.2.0! Utilizza al suo posto WP_Query. in /Users/nathalie/Sites/localhost/interazioniumane/wp-includes/functions.php on line 5413
[25-Jul-2023 08:26:19 UTC] PHP Deprecated:  La funzione get_page_by_title è <strong>deprecata</strong> dalla versione 6.2.0! Utilizza al suo posto WP_Query. in /Users/nathalie/Sites/localhost/interazioniumane/wp-includes/functions.php on line 5413
[25-Jul-2023 08:26:22 UTC] PHP Deprecated:  La funzione get_page_by_title è <strong>deprecata</strong> dalla versione 6.2.0! Utilizza al suo posto WP_Query. in /Users/nathalie/Sites/localhost/interazioniumane/wp-includes/functions.php on line 5413
[25-Jul-2023 08:26:25 UTC] PHP Deprecated:  La funzione get_page_by_title è <strong>deprecata</strong> dalla versione 6.2.0! Utilizza al suo posto WP_Query. in /Users/nathalie/Sites/localhost/interazioniumane/wp-includes/functions.php on line 5413
[25-Jul-2023 08:27:20 UTC] PHP Deprecated:  La funzione get_page_by_title è <strong>deprecata</strong> dalla versione 6.2.0! Utilizza al suo posto WP_Query. in /Users/nathalie/Sites/localhost/interazioniumane/wp-includes/functions.php on line 5413
[25-Jul-2023 08:29:22 UTC] PHP Deprecated:  La funzione get_page_by_title è <strong>deprecata</strong> dalla versione 6.2.0! Utilizza al suo posto WP_Query. in /Users/nathalie/Sites/localhost/interazioniumane/wp-includes/functions.php on line 5413
[25-Jul-2023 08:30:52 UTC] PHP Deprecated:  La funzione get_page_by_title è <strong>deprecata</strong> dalla versione 6.2.0! Utilizza al suo posto WP_Query. in /Users/nathalie/Sites/localhost/interazioniumane/wp-includes/functions.php on line 5413
[25-Jul-2023 09:50:48 UTC] PHP Deprecated:  La funzione get_page_by_title è <strong>deprecata</strong> dalla versione 6.2.0! Utilizza al suo posto WP_Query. in /Users/nathalie/Sites/localhost/interazioniumane/wp-includes/functions.php on line 5413
[25-Jul-2023 09:50:50 UTC] PHP Deprecated:  La funzione get_page_by_title è <strong>deprecata</strong> dalla versione 6.2.0! Utilizza al suo posto WP_Query. in /Users/nathalie/Sites/localhost/interazioniumane/wp-includes/functions.php on line 5413
[25-Jul-2023 09:51:51 UTC] PHP Deprecated:  La funzione get_page_by_title è <strong>deprecata</strong> dalla versione 6.2.0! Utilizza al suo posto WP_Query. in /Users/nathalie/Sites/localhost/interazioniumane/wp-includes/functions.php on line 5413
[25-Jul-2023 09:53:51 UTC] PHP Deprecated:  La funzione get_page_by_title è <strong>deprecata</strong> dalla versione 6.2.0! Utilizza al suo posto WP_Query. in /Users/nathalie/Sites/localhost/interazioniumane/wp-includes/functions.php on line 5413
[25-Jul-2023 09:53:57 UTC] PHP Fatal error:  Uncaught Error: Call to undefined function get_title() in /Users/nathalie/Sites/localhost/interazioniumane/wp-content/themes/interazioniumane/global-templates/banner-exam.php:8
Stack trace:
#0 /Users/nathalie/Sites/localhost/interazioniumane/wp-includes/template.php(785): require()
#1 /Users/nathalie/Sites/localhost/interazioniumane/wp-includes/template.php(718): load_template('/Users/nathalie...', false, Array)
#2 /Users/nathalie/Sites/localhost/interazioniumane/wp-includes/general-template.php(204): locate_template(Array, true, false, Array)
#3 /Users/nathalie/Sites/localhost/interazioniumane/wp-content/themes/interazioniumane/single-esami.php(41): get_template_part('global-template...')
#4 /Users/nathalie/Sites/localhost/interazioniumane/wp-includes/template-loader.php(106): include('/Users/nathalie...')
#5 /Users/nathalie/Sites/localhost/interazioniumane/wp-blog-header.php(19): require_once('/Users/nathalie...')
#6 /Users/nathalie/Sites/localhost/interazioniumane/index.php(18): require('/Users/nathalie... in /Users/nathalie/Sites/localhost/interazioniumane/wp-content/themes/interazioniumane/global-templates/banner-exam.php on line 8
[25-Jul-2023 09:55:33 UTC] PHP Deprecated:  La funzione get_page_by_title è <strong>deprecata</strong> dalla versione 6.2.0! Utilizza al suo posto WP_Query. in /Users/nathalie/Sites/localhost/interazioniumane/wp-includes/functions.php on line 5413
[25-Jul-2023 09:56:34 UTC] PHP Deprecated:  La funzione get_page_by_title è <strong>deprecata</strong> dalla versione 6.2.0! Utilizza al suo posto WP_Query. in /Users/nathalie/Sites/localhost/interazioniumane/wp-includes/functions.php on line 5413
